<?xml version="1.0" encoding="UTF-8"?>
<!-- Generated by org.testng.reporters.JUnitReportReporter -->
<testsuite hostname="DESKTOP-PIDDB0D" failures="0" tests="1" name="SDET20practice.CreateTest" time="0.008" errors="0" timestamp="2021-12-10T13:12:04 IST" skipped="0">
  <testcase classname="SDET20practice.CreateTest" name="createTest" time="0.008"/>
  <system-out/>
</testsuite> <!-- SDET20practice.CreateTest -->
