<?xml version="1.0" encoding="UTF-8"?>
<!-- Generated by org.testng.reporters.JUnitReportReporter -->
<testsuite hostname="DESKTOP-PIDDB0D" failures="0" tests="1" name="SDET20practice.CreateTest" time="0.012" errors="0" timestamp="09 Dec 2021 08:14:09 GMT" skipped="0">
  <testcase classname="SDET20practice.CreateTest" name="createTest" time="0.012"/>
</testsuite> <!-- SDET20practice.CreateTest -->
