<?xml version="1.0" encoding="UTF-8"?>
<!-- Generated by org.testng.reporters.JUnitReportReporter -->
<testsuite hostname="DESKTOP-PIDDB0D" failures="0" tests="1" name="SDET20practice.DemoTest" time="0.009" errors="0" timestamp="2021-12-10T13:22:45 IST" skipped="0">
  <testcase classname="SDET20practice.DemoTest" name="demoTest" time="0.009"/>
  <system-out/>
</testsuite> <!-- SDET20practice.DemoTest -->
